running egg_info
writing ../../build/actuated_umi/actuated_umi.egg-info/PKG-INFO
writing dependency_links to ../../build/actuated_umi/actuated_umi.egg-info/dependency_links.txt
writing entry points to ../../build/actuated_umi/actuated_umi.egg-info/entry_points.txt
writing requirements to ../../build/actuated_umi/actuated_umi.egg-info/requires.txt
writing top-level names to ../../build/actuated_umi/actuated_umi.egg-info/top_level.txt
reading manifest file '../../build/actuated_umi/actuated_umi.egg-info/SOURCES.txt'
adding license file 'LICENSE'
writing manifest file '../../build/actuated_umi/actuated_umi.egg-info/SOURCES.txt'
running build
running build_py
running install
running install_lib
running install_data
running install_egg_info
removing '/home/erik/flash/install/actuated_umi/lib/python3.12/site-packages/actuated_umi-0.0.1-py3.12.egg-info' (and everything under it)
Copying ../../build/actuated_umi/actuated_umi.egg-info to /home/erik/flash/install/actuated_umi/lib/python3.12/site-packages/actuated_umi-0.0.1-py3.12.egg-info
running install_scripts
Installing actuated_umi_node script to /home/erik/flash/install/actuated_umi/lib/actuated_umi
writing list of installed files to '/home/erik/flash/build/actuated_umi/install.log'
