running egg_info
creating ../../build/neuromorphic_tactile_array/neuromorphic_tactile_array.egg-info
writing ../../build/neuromorphic_tactile_array/neuromorphic_tactile_array.egg-info/PKG-INFO
writing dependency_links to ../../build/neuromorphic_tactile_array/neuromorphic_tactile_array.egg-info/dependency_links.txt
writing entry points to ../../build/neuromorphic_tactile_array/neuromorphic_tactile_array.egg-info/entry_points.txt
writing requirements to ../../build/neuromorphic_tactile_array/neuromorphic_tactile_array.egg-info/requires.txt
writing top-level names to ../../build/neuromorphic_tactile_array/neuromorphic_tactile_array.egg-info/top_level.txt
writing manifest file '../../build/neuromorphic_tactile_array/neuromorphic_tactile_array.egg-info/SOURCES.txt'
reading manifest file '../../build/neuromorphic_tactile_array/neuromorphic_tactile_array.egg-info/SOURCES.txt'
adding license file 'LICENSE'
writing manifest file '../../build/neuromorphic_tactile_array/neuromorphic_tactile_array.egg-info/SOURCES.txt'
running build
running build_py
creating /home/erik/flash/build/neuromorphic_tactile_array/build
creating /home/erik/flash/build/neuromorphic_tactile_array/build/lib
creating /home/erik/flash/build/neuromorphic_tactile_array/build/lib/neuromorphic_tactile_array
copying neuromorphic_tactile_array/nts_node.py -> /home/erik/flash/build/neuromorphic_tactile_array/build/lib/neuromorphic_tactile_array
copying neuromorphic_tactile_array/__init__.py -> /home/erik/flash/build/neuromorphic_tactile_array/build/lib/neuromorphic_tactile_array
running install
running install_lib
creating /home/erik/flash/install/neuromorphic_tactile_array/lib/python3.12/site-packages/neuromorphic_tactile_array
copying /home/erik/flash/build/neuromorphic_tactile_array/build/lib/neuromorphic_tactile_array/nts_node.py -> /home/erik/flash/install/neuromorphic_tactile_array/lib/python3.12/site-packages/neuromorphic_tactile_array
copying /home/erik/flash/build/neuromorphic_tactile_array/build/lib/neuromorphic_tactile_array/__init__.py -> /home/erik/flash/install/neuromorphic_tactile_array/lib/python3.12/site-packages/neuromorphic_tactile_array
byte-compiling /home/erik/flash/install/neuromorphic_tactile_array/lib/python3.12/site-packages/neuromorphic_tactile_array/nts_node.py to nts_node.cpython-312.pyc
byte-compiling /home/erik/flash/install/neuromorphic_tactile_array/lib/python3.12/site-packages/neuromorphic_tactile_array/__init__.py to __init__.cpython-312.pyc
running install_data
creating /home/erik/flash/install/neuromorphic_tactile_array/share/ament_index
creating /home/erik/flash/install/neuromorphic_tactile_array/share/ament_index/resource_index
creating /home/erik/flash/install/neuromorphic_tactile_array/share/ament_index/resource_index/packages
copying resource/neuromorphic_tactile_array -> /home/erik/flash/install/neuromorphic_tactile_array/share/ament_index/resource_index/packages
copying package.xml -> /home/erik/flash/install/neuromorphic_tactile_array/share/neuromorphic_tactile_array
creating /home/erik/flash/install/neuromorphic_tactile_array/share/neuromorphic_tactile_array/config
copying config/inference_qos.yaml -> /home/erik/flash/install/neuromorphic_tactile_array/share/neuromorphic_tactile_array/config
copying config/data_collection_qos.yaml -> /home/erik/flash/install/neuromorphic_tactile_array/share/neuromorphic_tactile_array/config
running install_egg_info
Copying ../../build/neuromorphic_tactile_array/neuromorphic_tactile_array.egg-info to /home/erik/flash/install/neuromorphic_tactile_array/lib/python3.12/site-packages/neuromorphic_tactile_array-0.0.1-py3.12.egg-info
running install_scripts
Installing nts_node script to /home/erik/flash/install/neuromorphic_tactile_array/lib/neuromorphic_tactile_array
writing list of installed files to '/home/erik/flash/build/neuromorphic_tactile_array/install.log'
