[0.467s] Invoking command in '/home/erik/flash/src/neuromorphic_tactile_array': CONDA_PROMPT_MODIFIER=(flash) DEBUGINFOD_URLS=https://debuginfod.ubuntu.com PYTHONPATH=/home/erik/flash/build/neuromorphic_tactile_array/prefix_override:/usr/lib/python3/dist-packages/colcon_core/task/python/colcon_distutils_commands:/home/erik/flash/install/neuromorphic_tactile_array/lib/python3.12/site-packages:${PYTHONPATH} /usr/bin/python3 -W ignore:setup.py install is deprecated -W ignore:easy_install command is deprecated setup.py egg_info --egg-base ../../build/neuromorphic_tactile_array build --build-base /home/erik/flash/build/neuromorphic_tactile_array/build install --record /home/erik/flash/build/neuromorphic_tactile_array/install.log --single-version-externally-managed install_data
[0.586s] running egg_info
[0.586s] creating ../../build/neuromorphic_tactile_array/neuromorphic_tactile_array.egg-info
[0.593s] writing ../../build/neuromorphic_tactile_array/neuromorphic_tactile_array.egg-info/PKG-INFO
[0.593s] writing dependency_links to ../../build/neuromorphic_tactile_array/neuromorphic_tactile_array.egg-info/dependency_links.txt
[0.593s] writing entry points to ../../build/neuromorphic_tactile_array/neuromorphic_tactile_array.egg-info/entry_points.txt
[0.593s] writing requirements to ../../build/neuromorphic_tactile_array/neuromorphic_tactile_array.egg-info/requires.txt
[0.593s] writing top-level names to ../../build/neuromorphic_tactile_array/neuromorphic_tactile_array.egg-info/top_level.txt
[0.593s] writing manifest file '../../build/neuromorphic_tactile_array/neuromorphic_tactile_array.egg-info/SOURCES.txt'
[0.606s] reading manifest file '../../build/neuromorphic_tactile_array/neuromorphic_tactile_array.egg-info/SOURCES.txt'
[0.606s] adding license file 'LICENSE'
[0.606s] writing manifest file '../../build/neuromorphic_tactile_array/neuromorphic_tactile_array.egg-info/SOURCES.txt'
[0.606s] running build
[0.606s] running build_py
[0.606s] creating /home/erik/flash/build/neuromorphic_tactile_array/build
[0.607s] creating /home/erik/flash/build/neuromorphic_tactile_array/build/lib
[0.607s] creating /home/erik/flash/build/neuromorphic_tactile_array/build/lib/neuromorphic_tactile_array
[0.607s] copying neuromorphic_tactile_array/nts_node.py -> /home/erik/flash/build/neuromorphic_tactile_array/build/lib/neuromorphic_tactile_array
[0.607s] copying neuromorphic_tactile_array/__init__.py -> /home/erik/flash/build/neuromorphic_tactile_array/build/lib/neuromorphic_tactile_array
[0.607s] running install
[0.609s] running install_lib
[0.616s] creating /home/erik/flash/install/neuromorphic_tactile_array/lib/python3.12/site-packages/neuromorphic_tactile_array
[0.616s] copying /home/erik/flash/build/neuromorphic_tactile_array/build/lib/neuromorphic_tactile_array/nts_node.py -> /home/erik/flash/install/neuromorphic_tactile_array/lib/python3.12/site-packages/neuromorphic_tactile_array
[0.616s] copying /home/erik/flash/build/neuromorphic_tactile_array/build/lib/neuromorphic_tactile_array/__init__.py -> /home/erik/flash/install/neuromorphic_tactile_array/lib/python3.12/site-packages/neuromorphic_tactile_array
[0.616s] byte-compiling /home/erik/flash/install/neuromorphic_tactile_array/lib/python3.12/site-packages/neuromorphic_tactile_array/nts_node.py to nts_node.cpython-312.pyc
[0.617s] byte-compiling /home/erik/flash/install/neuromorphic_tactile_array/lib/python3.12/site-packages/neuromorphic_tactile_array/__init__.py to __init__.cpython-312.pyc
[0.617s] running install_data
[0.617s] creating /home/erik/flash/install/neuromorphic_tactile_array/share/ament_index
[0.617s] creating /home/erik/flash/install/neuromorphic_tactile_array/share/ament_index/resource_index
[0.617s] creating /home/erik/flash/install/neuromorphic_tactile_array/share/ament_index/resource_index/packages
[0.617s] copying resource/neuromorphic_tactile_array -> /home/erik/flash/install/neuromorphic_tactile_array/share/ament_index/resource_index/packages
[0.617s] copying package.xml -> /home/erik/flash/install/neuromorphic_tactile_array/share/neuromorphic_tactile_array
[0.617s] creating /home/erik/flash/install/neuromorphic_tactile_array/share/neuromorphic_tactile_array/config
[0.617s] copying config/inference_qos.yaml -> /home/erik/flash/install/neuromorphic_tactile_array/share/neuromorphic_tactile_array/config
[0.617s] copying config/data_collection_qos.yaml -> /home/erik/flash/install/neuromorphic_tactile_array/share/neuromorphic_tactile_array/config
[0.617s] running install_egg_info
[0.625s] Copying ../../build/neuromorphic_tactile_array/neuromorphic_tactile_array.egg-info to /home/erik/flash/install/neuromorphic_tactile_array/lib/python3.12/site-packages/neuromorphic_tactile_array-0.0.1-py3.12.egg-info
[0.625s] running install_scripts
[0.672s] Installing nts_node script to /home/erik/flash/install/neuromorphic_tactile_array/lib/neuromorphic_tactile_array
[0.672s] writing list of installed files to '/home/erik/flash/build/neuromorphic_tactile_array/install.log'
[0.697s] Invoked command in '/home/erik/flash/src/neuromorphic_tactile_array' returned '0': CONDA_PROMPT_MODIFIER=(flash) DEBUGINFOD_URLS=https://debuginfod.ubuntu.com PYTHONPATH=/home/erik/flash/build/neuromorphic_tactile_array/prefix_override:/usr/lib/python3/dist-packages/colcon_core/task/python/colcon_distutils_commands:/home/erik/flash/install/neuromorphic_tactile_array/lib/python3.12/site-packages:${PYTHONPATH} /usr/bin/python3 -W ignore:setup.py install is deprecated -W ignore:easy_install command is deprecated setup.py egg_info --egg-base ../../build/neuromorphic_tactile_array build --build-base /home/erik/flash/build/neuromorphic_tactile_array/build install --record /home/erik/flash/build/neuromorphic_tactile_array/install.log --single-version-externally-managed install_data
