running egg_info
creating ../../build/actuated_umi/actuated_umi.egg-info
writing ../../build/actuated_umi/actuated_umi.egg-info/PKG-INFO
writing dependency_links to ../../build/actuated_umi/actuated_umi.egg-info/dependency_links.txt
writing entry points to ../../build/actuated_umi/actuated_umi.egg-info/entry_points.txt
writing requirements to ../../build/actuated_umi/actuated_umi.egg-info/requires.txt
writing top-level names to ../../build/actuated_umi/actuated_umi.egg-info/top_level.txt
writing manifest file '../../build/actuated_umi/actuated_umi.egg-info/SOURCES.txt'
reading manifest file '../../build/actuated_umi/actuated_umi.egg-info/SOURCES.txt'
adding license file 'LICENSE'
writing manifest file '../../build/actuated_umi/actuated_umi.egg-info/SOURCES.txt'
running build
running build_py
creating /home/erik/flash/build/actuated_umi/build
creating /home/erik/flash/build/actuated_umi/build/lib
creating /home/erik/flash/build/actuated_umi/build/lib/actuated_umi
copying actuated_umi/__init__.py -> /home/erik/flash/build/actuated_umi/build/lib/actuated_umi
copying actuated_umi/motor_control.py -> /home/erik/flash/build/actuated_umi/build/lib/actuated_umi
copying actuated_umi/actuated_umi_node.py -> /home/erik/flash/build/actuated_umi/build/lib/actuated_umi
running install
running install_lib
creating /home/erik/flash/install/actuated_umi/lib/python3.12/site-packages/actuated_umi
copying /home/erik/flash/build/actuated_umi/build/lib/actuated_umi/__init__.py -> /home/erik/flash/install/actuated_umi/lib/python3.12/site-packages/actuated_umi
copying /home/erik/flash/build/actuated_umi/build/lib/actuated_umi/motor_control.py -> /home/erik/flash/install/actuated_umi/lib/python3.12/site-packages/actuated_umi
copying /home/erik/flash/build/actuated_umi/build/lib/actuated_umi/actuated_umi_node.py -> /home/erik/flash/install/actuated_umi/lib/python3.12/site-packages/actuated_umi
byte-compiling /home/erik/flash/install/actuated_umi/lib/python3.12/site-packages/actuated_umi/__init__.py to __init__.cpython-312.pyc
byte-compiling /home/erik/flash/install/actuated_umi/lib/python3.12/site-packages/actuated_umi/motor_control.py to motor_control.cpython-312.pyc
byte-compiling /home/erik/flash/install/actuated_umi/lib/python3.12/site-packages/actuated_umi/actuated_umi_node.py to actuated_umi_node.cpython-312.pyc
running install_data
creating /home/erik/flash/install/actuated_umi/share/ament_index
creating /home/erik/flash/install/actuated_umi/share/ament_index/resource_index
creating /home/erik/flash/install/actuated_umi/share/ament_index/resource_index/packages
copying resource/actuated_umi -> /home/erik/flash/install/actuated_umi/share/ament_index/resource_index/packages
copying package.xml -> /home/erik/flash/install/actuated_umi/share/actuated_umi
creating /home/erik/flash/install/actuated_umi/share/actuated_umi/config
copying config/inference_qos.yaml -> /home/erik/flash/install/actuated_umi/share/actuated_umi/config
running install_egg_info
Copying ../../build/actuated_umi/actuated_umi.egg-info to /home/erik/flash/install/actuated_umi/lib/python3.12/site-packages/actuated_umi-0.0.1-py3.12.egg-info
running install_scripts
Installing actuated_umi_node script to /home/erik/flash/install/actuated_umi/lib/actuated_umi
writing list of installed files to '/home/erik/flash/build/actuated_umi/install.log'
