[0.402s] Invoking command in '/home/erik/flash/src/actuated_umi': CONDA_PROMPT_MODIFIER=(flash) DEBUGINFOD_URLS=https://debuginfod.ubuntu.com PYTHONPATH=/home/erik/flash/build/actuated_umi/prefix_override:/usr/lib/python3/dist-packages/colcon_core/task/python/colcon_distutils_commands:/home/erik/flash/install/actuated_umi/lib/python3.12/site-packages:${PYTHONPATH} /usr/bin/python3 -W ignore:setup.py install is deprecated -W ignore:easy_install command is deprecated setup.py egg_info --egg-base ../../build/actuated_umi build --build-base /home/erik/flash/build/actuated_umi/build install --record /home/erik/flash/build/actuated_umi/install.log --single-version-externally-managed install_data
[0.517s] running egg_info
[0.517s] creating ../../build/actuated_umi/actuated_umi.egg-info
[0.523s] writing ../../build/actuated_umi/actuated_umi.egg-info/PKG-INFO
[0.523s] writing dependency_links to ../../build/actuated_umi/actuated_umi.egg-info/dependency_links.txt
[0.523s] writing entry points to ../../build/actuated_umi/actuated_umi.egg-info/entry_points.txt
[0.523s] writing requirements to ../../build/actuated_umi/actuated_umi.egg-info/requires.txt
[0.523s] writing top-level names to ../../build/actuated_umi/actuated_umi.egg-info/top_level.txt
[0.523s] writing manifest file '../../build/actuated_umi/actuated_umi.egg-info/SOURCES.txt'
[0.536s] reading manifest file '../../build/actuated_umi/actuated_umi.egg-info/SOURCES.txt'
[0.536s] adding license file 'LICENSE'
[0.537s] writing manifest file '../../build/actuated_umi/actuated_umi.egg-info/SOURCES.txt'
[0.537s] running build
[0.537s] running build_py
[0.537s] creating /home/erik/flash/build/actuated_umi/build
[0.537s] creating /home/erik/flash/build/actuated_umi/build/lib
[0.537s] creating /home/erik/flash/build/actuated_umi/build/lib/actuated_umi
[0.537s] copying actuated_umi/__init__.py -> /home/erik/flash/build/actuated_umi/build/lib/actuated_umi
[0.537s] copying actuated_umi/motor_control.py -> /home/erik/flash/build/actuated_umi/build/lib/actuated_umi
[0.538s] copying actuated_umi/actuated_umi_node.py -> /home/erik/flash/build/actuated_umi/build/lib/actuated_umi
[0.538s] running install
[0.539s] running install_lib
[0.546s] creating /home/erik/flash/install/actuated_umi/lib/python3.12/site-packages/actuated_umi
[0.546s] copying /home/erik/flash/build/actuated_umi/build/lib/actuated_umi/__init__.py -> /home/erik/flash/install/actuated_umi/lib/python3.12/site-packages/actuated_umi
[0.546s] copying /home/erik/flash/build/actuated_umi/build/lib/actuated_umi/motor_control.py -> /home/erik/flash/install/actuated_umi/lib/python3.12/site-packages/actuated_umi
[0.546s] copying /home/erik/flash/build/actuated_umi/build/lib/actuated_umi/actuated_umi_node.py -> /home/erik/flash/install/actuated_umi/lib/python3.12/site-packages/actuated_umi
[0.546s] byte-compiling /home/erik/flash/install/actuated_umi/lib/python3.12/site-packages/actuated_umi/__init__.py to __init__.cpython-312.pyc
[0.546s] byte-compiling /home/erik/flash/install/actuated_umi/lib/python3.12/site-packages/actuated_umi/motor_control.py to motor_control.cpython-312.pyc
[0.546s] byte-compiling /home/erik/flash/install/actuated_umi/lib/python3.12/site-packages/actuated_umi/actuated_umi_node.py to actuated_umi_node.cpython-312.pyc
[0.547s] running install_data
[0.547s] creating /home/erik/flash/install/actuated_umi/share/ament_index
[0.547s] creating /home/erik/flash/install/actuated_umi/share/ament_index/resource_index
[0.547s] creating /home/erik/flash/install/actuated_umi/share/ament_index/resource_index/packages
[0.547s] copying resource/actuated_umi -> /home/erik/flash/install/actuated_umi/share/ament_index/resource_index/packages
[0.548s] copying package.xml -> /home/erik/flash/install/actuated_umi/share/actuated_umi
[0.548s] creating /home/erik/flash/install/actuated_umi/share/actuated_umi/config
[0.548s] copying config/inference_qos.yaml -> /home/erik/flash/install/actuated_umi/share/actuated_umi/config
[0.548s] running install_egg_info
[0.554s] Copying ../../build/actuated_umi/actuated_umi.egg-info to /home/erik/flash/install/actuated_umi/lib/python3.12/site-packages/actuated_umi-0.0.1-py3.12.egg-info
[0.555s] running install_scripts
[0.603s] Installing actuated_umi_node script to /home/erik/flash/install/actuated_umi/lib/actuated_umi
[0.603s] writing list of installed files to '/home/erik/flash/build/actuated_umi/install.log'
[0.615s] Invoked command in '/home/erik/flash/src/actuated_umi' returned '0': CONDA_PROMPT_MODIFIER=(flash) DEBUGINFOD_URLS=https://debuginfod.ubuntu.com PYTHONPATH=/home/erik/flash/build/actuated_umi/prefix_override:/usr/lib/python3/dist-packages/colcon_core/task/python/colcon_distutils_commands:/home/erik/flash/install/actuated_umi/lib/python3.12/site-packages:${PYTHONPATH} /usr/bin/python3 -W ignore:setup.py install is deprecated -W ignore:easy_install command is deprecated setup.py egg_info --egg-base ../../build/actuated_umi build --build-base /home/erik/flash/build/actuated_umi/build install --record /home/erik/flash/build/actuated_umi/install.log --single-version-externally-managed install_data
