[0.463s] Invoking command in '/home/erik/flash/src/neuromorphic_tactile_array': CONDA_PROMPT_MODIFIER=(flash) DEBUGINFOD_URLS=https://debuginfod.ubuntu.com PYTHONPATH=/home/erik/flash/build/neuromorphic_tactile_array/prefix_override:/usr/lib/python3/dist-packages/colcon_core/task/python/colcon_distutils_commands:/home/erik/flash/install/neuromorphic_tactile_array/lib/python3.12/site-packages:${PYTHONPATH} /usr/bin/python3 -W ignore:setup.py install is deprecated -W ignore:easy_install command is deprecated setup.py egg_info --egg-base ../../build/neuromorphic_tactile_array build --build-base /home/erik/flash/build/neuromorphic_tactile_array/build install --record /home/erik/flash/build/neuromorphic_tactile_array/install.log --single-version-externally-managed install_data
[0.584s] running egg_info
[0.590s] writing ../../build/neuromorphic_tactile_array/neuromorphic_tactile_array.egg-info/PKG-INFO
[0.591s] writing dependency_links to ../../build/neuromorphic_tactile_array/neuromorphic_tactile_array.egg-info/dependency_links.txt
[0.591s] writing entry points to ../../build/neuromorphic_tactile_array/neuromorphic_tactile_array.egg-info/entry_points.txt
[0.591s] writing requirements to ../../build/neuromorphic_tactile_array/neuromorphic_tactile_array.egg-info/requires.txt
[0.591s] writing top-level names to ../../build/neuromorphic_tactile_array/neuromorphic_tactile_array.egg-info/top_level.txt
[0.604s] reading manifest file '../../build/neuromorphic_tactile_array/neuromorphic_tactile_array.egg-info/SOURCES.txt'
[0.604s] adding license file 'LICENSE'
[0.604s] writing manifest file '../../build/neuromorphic_tactile_array/neuromorphic_tactile_array.egg-info/SOURCES.txt'
[0.604s] running build
[0.604s] running build_py
[0.604s] copying neuromorphic_tactile_array/nts_node.py -> /home/erik/flash/build/neuromorphic_tactile_array/build/lib/neuromorphic_tactile_array
[0.604s] running install
[0.607s] running install_lib
[0.613s] copying /home/erik/flash/build/neuromorphic_tactile_array/build/lib/neuromorphic_tactile_array/nts_node.py -> /home/erik/flash/install/neuromorphic_tactile_array/lib/python3.12/site-packages/neuromorphic_tactile_array
[0.614s] byte-compiling /home/erik/flash/install/neuromorphic_tactile_array/lib/python3.12/site-packages/neuromorphic_tactile_array/nts_node.py to nts_node.cpython-312.pyc
[0.614s] running install_data
[0.615s] running install_egg_info
[0.622s] removing '/home/erik/flash/install/neuromorphic_tactile_array/lib/python3.12/site-packages/neuromorphic_tactile_array-0.0.1-py3.12.egg-info' (and everything under it)
[0.622s] Copying ../../build/neuromorphic_tactile_array/neuromorphic_tactile_array.egg-info to /home/erik/flash/install/neuromorphic_tactile_array/lib/python3.12/site-packages/neuromorphic_tactile_array-0.0.1-py3.12.egg-info
[0.622s] running install_scripts
[0.672s] Installing nts_node script to /home/erik/flash/install/neuromorphic_tactile_array/lib/neuromorphic_tactile_array
[0.672s] writing list of installed files to '/home/erik/flash/build/neuromorphic_tactile_array/install.log'
[0.694s] Invoked command in '/home/erik/flash/src/neuromorphic_tactile_array' returned '0': CONDA_PROMPT_MODIFIER=(flash) DEBUGINFOD_URLS=https://debuginfod.ubuntu.com PYTHONPATH=/home/erik/flash/build/neuromorphic_tactile_array/prefix_override:/usr/lib/python3/dist-packages/colcon_core/task/python/colcon_distutils_commands:/home/erik/flash/install/neuromorphic_tactile_array/lib/python3.12/site-packages:${PYTHONPATH} /usr/bin/python3 -W ignore:setup.py install is deprecated -W ignore:easy_install command is deprecated setup.py egg_info --egg-base ../../build/neuromorphic_tactile_array build --build-base /home/erik/flash/build/neuromorphic_tactile_array/build install --record /home/erik/flash/build/neuromorphic_tactile_array/install.log --single-version-externally-managed install_data
