[0.467s] Invoking command in '/home/erik/flash/src/neuromorphic_tactile_array': CONDA_PROMPT_MODIFIER=(flash) DEBUGINFOD_URLS=https://debuginfod.ubuntu.com PYTHONPATH=/home/erik/flash/build/neuromorphic_tactile_array/prefix_override:/usr/lib/python3/dist-packages/colcon_core/task/python/colcon_distutils_commands:/home/erik/flash/install/neuromorphic_tactile_array/lib/python3.12/site-packages:${PYTHONPATH} /usr/bin/python3 -W ignore:setup.py install is deprecated -W ignore:easy_install command is deprecated setup.py egg_info --egg-base ../../build/neuromorphic_tactile_array build --build-base /home/erik/flash/build/neuromorphic_tactile_array/build install --record /home/erik/flash/build/neuromorphic_tactile_array/install.log --single-version-externally-managed install_data
[0.582s] running egg_info
[0.588s] writing ../../build/neuromorphic_tactile_array/neuromorphic_tactile_array.egg-info/PKG-INFO
[0.588s] writing dependency_links to ../../build/neuromorphic_tactile_array/neuromorphic_tactile_array.egg-info/dependency_links.txt
[0.588s] writing entry points to ../../build/neuromorphic_tactile_array/neuromorphic_tactile_array.egg-info/entry_points.txt
[0.588s] writing requirements to ../../build/neuromorphic_tactile_array/neuromorphic_tactile_array.egg-info/requires.txt
[0.588s] writing top-level names to ../../build/neuromorphic_tactile_array/neuromorphic_tactile_array.egg-info/top_level.txt
[0.601s] reading manifest file '../../build/neuromorphic_tactile_array/neuromorphic_tactile_array.egg-info/SOURCES.txt'
[0.601s] adding license file 'LICENSE'
[0.601s] writing manifest file '../../build/neuromorphic_tactile_array/neuromorphic_tactile_array.egg-info/SOURCES.txt'
[0.601s] running build
[0.601s] running build_py
[0.602s] copying neuromorphic_tactile_array/nts_node.py -> /home/erik/flash/build/neuromorphic_tactile_array/build/lib/neuromorphic_tactile_array
[0.602s] running install
[0.604s] running install_lib
[0.611s] copying /home/erik/flash/build/neuromorphic_tactile_array/build/lib/neuromorphic_tactile_array/nts_node.py -> /home/erik/flash/install/neuromorphic_tactile_array/lib/python3.12/site-packages/neuromorphic_tactile_array
[0.611s] byte-compiling /home/erik/flash/install/neuromorphic_tactile_array/lib/python3.12/site-packages/neuromorphic_tactile_array/nts_node.py to nts_node.cpython-312.pyc
[0.612s] running install_data
[0.612s] running install_egg_info
[0.619s] removing '/home/erik/flash/install/neuromorphic_tactile_array/lib/python3.12/site-packages/neuromorphic_tactile_array-0.0.1-py3.12.egg-info' (and everything under it)
[0.619s] Copying ../../build/neuromorphic_tactile_array/neuromorphic_tactile_array.egg-info to /home/erik/flash/install/neuromorphic_tactile_array/lib/python3.12/site-packages/neuromorphic_tactile_array-0.0.1-py3.12.egg-info
[0.620s] running install_scripts
[0.670s] Installing nts_node script to /home/erik/flash/install/neuromorphic_tactile_array/lib/neuromorphic_tactile_array
[0.670s] writing list of installed files to '/home/erik/flash/build/neuromorphic_tactile_array/install.log'
[0.685s] Invoked command in '/home/erik/flash/src/neuromorphic_tactile_array' returned '0': CONDA_PROMPT_MODIFIER=(flash) DEBUGINFOD_URLS=https://debuginfod.ubuntu.com PYTHONPATH=/home/erik/flash/build/neuromorphic_tactile_array/prefix_override:/usr/lib/python3/dist-packages/colcon_core/task/python/colcon_distutils_commands:/home/erik/flash/install/neuromorphic_tactile_array/lib/python3.12/site-packages:${PYTHONPATH} /usr/bin/python3 -W ignore:setup.py install is deprecated -W ignore:easy_install command is deprecated setup.py egg_info --egg-base ../../build/neuromorphic_tactile_array build --build-base /home/erik/flash/build/neuromorphic_tactile_array/build install --record /home/erik/flash/build/neuromorphic_tactile_array/install.log --single-version-externally-managed install_data
